running 1 test
test tests::refinement::refinement_university::test::test_researcher_machine_not_refines_adm_2_spec ... FAILED

failures:

---- tests::refinement::refinement_university::test::test_researcher_machine_not_refines_adm_2_spec stdout ----
dim is 6
Researcher E6 L9 7
Researcher E7 L9 7
Researcher E8 L7 7
Researcher E9 L7 7
Researcher E10 L9 7
Researcher E11 L7 7
Researcher E12 L6 7
Researcher E13 L6 7
Researcher E14 U0 7
Researcher E15 U0 7
Researcher E16 U0 7
Machine E25 L5 7
Machine E26 L5 7
Machine E27 L4 7
Machine E28 L4 7
Machine E29 L5 7
Spec E0 L17 7
Spec E1 L16 7
Spec E2 L18 7
Spec E3 L18 7
Spec E4 L17 7
Spec E5 L18 7
Adm2 E53 L21 7
Adm2 E54 L20 7
Adm2 E55 L21 7
Adm2 E56 L23 7
Adm2 E57 L21 7
Adm2 E58 L23 7
Adm2 E59 L23 7
Adm2 E60 L22 7
Adm2 E61 L23 7
Adm2 E62 L22 7
Adm2 E63 L20 7
Adm2 E64 L22 7
Clocks to be reduced: [] + []
removed_clock_count: 0
6 - 0
Researcher E6 L9 7
Researcher E7 L9 7
Researcher E8 L7 7
Researcher E9 L7 7
Researcher E10 L9 7
Researcher E11 L7 7
Researcher E12 L6 7
Researcher E13 L6 7
Researcher E14 U0 7
Researcher E15 U0 7
Researcher E16 U0 7
Machine E25 L5 7
Machine E26 L5 7
Machine E27 L4 7
Machine E28 L4 7
Machine E29 L5 7
Spec E0 L17 7
Spec E1 L16 7
Spec E2 L18 7
Spec E3 L18 7
Spec E4 L17 7
Spec E5 L18 7
Adm2 E53 L21 7
Adm2 E54 L20 7
Adm2 E55 L21 7
Adm2 E56 L23 7
Adm2 E57 L21 7
Adm2 E58 L23 7
Adm2 E59 L23 7
Adm2 E60 L22 7
Adm2 E61 L23 7
Adm2 E62 L22 7
Adm2 E63 L20 7
Adm2 E64 L22 7
thread 'tests::refinement::refinement_university::test::test_researcher_machine_not_refines_adm_2_spec' panicked at src/tests/refinement/refinement_university.rs:267:9:
assertion failed: false
note: run with `RUST_BACKTRACE=1` environment variable to display a backtrace


failures:
    tests::refinement::refinement_university::test::test_researcher_machine_not_refines_adm_2_spec

test result: FAILED. 0 passed; 1 failed; 0 ignored; 0 measured; 593 filtered out; finished in 2.58s